[0m[2m[35m$[0m [2m[1mautomd && vite build && unbuild[0m
[32m✔[39m Automd updated [90m(77.09ms)[39m                                                                                                                                                                                              [90m1:41:49 PM[39m

[90m  ─    README.md no changes [90m(1.71ms)[90m[39m                                                                                                                                                                                     [90m1:41:49 PM[39m
                                                                                                                                                                                                                         [90m1:41:49 PM[39m
[33mThe CJS build of Vite's Node API is deprecated. See https://vitejs.dev/guide/troubleshooting.html#vite-cjs-node-api-deprecated for more details.[39m
[36mvite v5.2.8 [32mbuilding for production...[36m[39m
[2K[1Gtransforming (1) [2msrc/index.ts[22m[2K[1G[32m✓[39m 8 modules transformed.
[2K[1Grendering chunks (1)...[2K[1G[32m
[36m[vite:dts][32m Start generate declaration files...[39m
[2K[1Gcomputing gzip size (0)...[2K[1Gcomputing gzip size (1)...[2K[1G[2mdist/[22m[36mindex.js  [39m[1m[2m0.61 kB[22m[1m[22m[2m │ gzip: 0.35 kB[22m
[32m[36m[vite:dts][32m Declaration files built in 866ms.
[39m
[2K[1Grendering chunks (1)...[2K[1G[2K[1Gcomputing gzip size (1)...[2K[1G[2mdist/[22m[36mindex.umd.cjs  [39m[1m[2m0.76 kB[22m[1m[22m[2m │ gzip: 0.43 kB[22m
[32m✓ built in 915ms[39m
[36mℹ[39m [36mBuilding Nuxt module[39m                                                                                                                                                                                                  [90m1:41:52 PM[39m
[32m✔[39m [32mBuild succeeded for Nuxt module[39m                                                                                                                                                                                       [90m1:41:53 PM[39m
  [1mdist/nuxt/index.cjs[22m (total size: [36m937 B[39m, chunk size: [36m937 B[39m, exports: [90mdefault[39m)                                                                                                                                           [90m1:41:53 PM[39m

  [1mdist/nuxt/index.mjs[22m (total size: [36m945 B[39m, chunk size: [36m945 B[39m, exports: [90mdefault[39m)                                                                                                                                           [90m1:41:53 PM[39m

Σ Total dist size (byte size): [36m4.98 kB[39m
                                                                                                                                                                                                                         [90m1:41:53 PM[39m
